2020-02-20 06:18:54,181 INFO  c.i.l.m.config.UserDetailsConfig - user get roles : [Role{id=USER_BESAR, role='ROLE_ADMIN'}] 
2020-02-20 06:19:02,927 INFO  c.i.l.m.c.ValasAccessDecisionVoter - Access granted for /page_operator/home 
2020-02-20 06:19:44,400 INFO  c.i.l.m.c.ValasAccessDecisionVoter - Access granted for /static/new-backend/css/font-awesome.min.css 
2020-02-20 06:19:44,401 INFO  c.i.l.m.c.ValasAccessDecisionVoter - Access granted for /static/new-backend/css/simple-line-icons.css 
2020-02-20 06:19:44,403 INFO  c.i.l.m.c.ValasAccessDecisionVoter - Access granted for /static/css/jquery-ui.css 
2020-02-20 06:19:44,405 INFO  c.i.l.m.c.ValasAccessDecisionVoter - Access granted for /static/css/backend/jquery.dataTables.min.css 
2020-02-20 06:19:44,413 INFO  c.i.l.m.c.ValasAccessDecisionVoter - Access granted for /static/new-backend/css/style.css 
2020-02-20 06:19:44,421 INFO  c.i.l.m.c.ValasAccessDecisionVoter - Access granted for /static/css/select2.css 
2020-02-20 06:19:44,462 INFO  c.i.l.m.c.ValasAccessDecisionVoter - Access granted for /static/css/select2-bootstrap.css 
2020-02-20 06:19:44,545 INFO  c.i.l.m.c.ValasAccessDecisionVoter - Access granted for /static/js/jquery-toast-plugin-1.3.2/dist/jquery.toast.min.css 
2020-02-20 06:19:44,551 INFO  c.i.l.m.c.ValasAccessDecisionVoter - Access granted for /static/new-backend/bower_components/jquery/dist/jquery.min.js 
2020-02-20 06:19:44,551 INFO  c.i.l.m.c.ValasAccessDecisionVoter - Access granted for /static/js/select2.min.js 
2020-02-20 06:19:44,560 INFO  c.i.l.m.c.ValasAccessDecisionVoter - Access granted for /static/new-backend/bower_components/tether/dist/js/tether.min.js 
2020-02-20 06:19:44,664 INFO  c.i.l.m.c.ValasAccessDecisionVoter - Access granted for /static/js/backend/jquery.dataTables.min.js 
2020-02-20 06:19:44,664 INFO  c.i.l.m.c.ValasAccessDecisionVoter - Access granted for /static/js/backend/dataTables.bootstrap4.min.js 
2020-02-20 06:19:44,664 INFO  c.i.l.m.c.ValasAccessDecisionVoter - Access granted for /static/new-backend/bower_components/bootstrap/dist/js/bootstrap.min.js 
2020-02-20 06:19:44,665 INFO  c.i.l.m.c.ValasAccessDecisionVoter - Access granted for /static/new-backend/bower_components/pace/pace.min.js 
2020-02-20 06:19:44,665 INFO  c.i.l.m.c.ValasAccessDecisionVoter - Access granted for /static/js/sockjs.min.js 
2020-02-20 06:19:44,665 INFO  c.i.l.m.c.ValasAccessDecisionVoter - Access granted for /static/js/stomp.min.js 
2020-02-20 06:19:44,681 INFO  c.i.l.m.c.ValasAccessDecisionVoter - Access granted for /static/new-backend/js/app.js 
2020-02-20 06:19:44,682 INFO  c.i.l.m.c.ValasAccessDecisionVoter - Access granted for /static/js/jquery-ui.js 
2020-02-20 06:19:44,698 INFO  c.i.l.m.c.ValasAccessDecisionVoter - Access granted for /static/js/show-dialog.js 
2020-02-20 06:19:44,712 INFO  c.i.l.m.c.ValasAccessDecisionVoter - Access granted for /static/js/maskedinput/jquery.maskmoney.js 
2020-02-20 06:19:44,730 INFO  c.i.l.m.c.ValasAccessDecisionVoter - Access granted for /static/js/maskedinput/FormatMoney.js 
2020-02-20 06:19:44,731 INFO  c.i.l.m.c.ValasAccessDecisionVoter - Access granted for /static/js/maskedinput/jquery.mask.min.js 
2020-02-20 06:19:44,744 INFO  c.i.l.m.c.ValasAccessDecisionVoter - Access granted for /static/js/pdfmake/pdfmake.min.js 
2020-02-20 06:19:44,818 INFO  c.i.l.m.c.ValasAccessDecisionVoter - Access granted for /static/js/pdfmake/vfs_fonts.js 
2020-02-20 06:19:44,842 INFO  c.i.l.m.c.ValasAccessDecisionVoter - Access granted for /static/js/backend/coreapps.js 
2020-02-20 06:19:44,851 INFO  c.i.l.m.c.ValasAccessDecisionVoter - Access granted for /static/js/accounting.min.js 
2020-02-20 06:19:44,857 INFO  c.i.l.m.c.ValasAccessDecisionVoter - Access granted for /static/js/jquery-toast-plugin-1.3.2/dist/jquery.toast.min.js 
2020-02-20 06:19:44,872 INFO  c.i.l.m.c.ValasAccessDecisionVoter - Access granted for /static/js/wsock.js 
2020-02-20 06:19:45,097 INFO  c.i.l.m.c.ValasAccessDecisionVoter - Access granted for /static/js/backend/controller/dashboard.js 
2020-02-20 06:19:45,098 INFO  c.i.l.m.c.ValasAccessDecisionVoter - Access granted for /static/js/backend/fusioncharts/themes/fusioncharts.theme.fusion.js 
2020-02-20 06:19:45,099 INFO  c.i.l.m.c.ValasAccessDecisionVoter - Access granted for /static/js/backend/fusioncharts/fusioncharts.js 
2020-02-20 06:19:45,273 INFO  c.i.l.m.c.ValasAccessDecisionVoter - Access granted for /static/new-backend/img/avatars/7.jpg 
2020-02-20 06:19:45,273 INFO  c.i.l.m.c.ValasAccessDecisionVoter - Access granted for /static/new-backend/js/dataTables.rowsGroup.js 
2020-02-20 06:19:45,668 INFO  c.i.l.m.c.ValasAccessDecisionVoter - Access granted for /static/new-backend/fonts/Simple-Line-Icons.woff2?v=2.4.0 
2020-02-20 06:19:45,674 INFO  c.i.l.m.c.ValasAccessDecisionVoter - Access granted for /static/new-backend/fonts/fontawesome-webfont.woff2?v=4.6.3 
2020-02-20 06:19:45,746 INFO  c.i.l.m.c.ValasAccessDecisionVoter - Access granted for /static/new-backend/img/lg_background.png 
2020-02-20 06:19:46,075 INFO  c.i.l.m.c.ValasAccessDecisionVoter - Access granted for /static/js/sockjs.min.js 
2020-02-20 06:19:46,133 INFO  c.i.l.m.c.ValasAccessDecisionVoter - Access granted for /static/js/pdfmake/pdfmake.min.js.map 
2020-02-20 06:19:46,140 INFO  c.i.l.m.c.ValasAccessDecisionVoter - Access granted for /static/new-backend/fonts/fontawesome-webfont.woff?v=4.6.3 
2020-02-20 06:19:46,159 INFO  c.i.l.m.c.ValasAccessDecisionVoter - Access granted for /static/js/stomp.min.js 
2020-02-20 06:19:46,173 INFO  c.i.l.m.c.ValasAccessDecisionVoter - Access granted for /static/new-backend/fonts/Simple-Line-Icons.ttf?v=2.4.0 
2020-02-20 06:19:46,188 INFO  c.i.l.m.c.ValasAccessDecisionVoter - Access granted for /static/js/jquery-toast-plugin-1.3.2/dist/jquery.toast.min.js 
2020-02-20 06:19:46,319 INFO  c.i.l.m.c.ValasAccessDecisionVoter - Access granted for /static/js/backend/fusioncharts/themes/fusioncharts.theme.fusion.js.map 
2020-02-20 06:19:46,343 INFO  c.i.l.m.c.ValasAccessDecisionVoter - Access granted for /notification/get_notifications?start=1&length10 
2020-02-20 06:19:46,364 INFO  c.i.l.m.c.ValasAccessDecisionVoter - Access granted for /static/css/images/sort_both.png 
2020-02-20 06:19:46,377 INFO  c.i.l.m.c.ValasAccessDecisionVoter - Access granted for /api_operator/api_report/saldo_awal?tanggal=20200220&_=1582154385699 
2020-02-20 06:19:46,387 INFO  c.i.l.m.c.ValasAccessDecisionVoter - Access granted for /api_operator/api_report/saldo_realisasi?tanggal=20200220&_=1582154385700 
2020-02-20 06:19:46,397 INFO  c.i.l.m.c.ValasAccessDecisionVoter - Access granted for /api_operator/api_report/get_dashboard_recana_valas?ptanggal=20200220&_=1582154385701 
2020-02-20 06:19:46,416 INFO  c.i.l.m.c.ValasAccessDecisionVoter - Access granted for /api_operator/api_report/get_dashboard_rencana_imprest?ptanggal=20200220&_=1582154385702 
2020-02-20 06:19:46,927 INFO  c.i.l.m.c.ValasAccessDecisionVoter - Access granted for /api_operator/api_report/get_dashboard_real_curr?ptanggal=20200212&_=1582154385703 
2020-02-20 06:20:03,138 INFO  c.i.l.m.c.ValasAccessDecisionVoter - Access granted for /api_operator/api_report/get_dashboard_real_cashcode?ptanggal=20200213&_=1582154385704 
2020-02-20 06:20:07,430 INFO  c.i.l.m.c.ValasAccessDecisionVoter - Access granted for /api_operator/api_report/get_dashboard_real_jenis?ptanggal=20200213&_=1582154385705 
2020-02-20 06:20:20,067 INFO  c.i.l.m.c.ValasAccessDecisionVoter - Access granted for /api_operator/api_report/get_dashboard_real_vendor?ptanggal=20200208&_=1582154385706 
2020-02-20 06:20:20,195 INFO  c.i.l.m.c.ValasAccessDecisionVoter - Access granted for /api_operator/api_report/get_dashboard_rencana_vendor?ptanggal=20200208&_=1582154385707 
2020-02-20 06:20:23,892 INFO  c.i.l.m.c.ValasAccessDecisionVoter - Access granted for /static/js/backend/fusioncharts/fusioncharts.charts.js 
2020-02-20 06:20:24,073 INFO  c.i.l.m.c.ValasAccessDecisionVoter - Access granted for /static/new-backend/fonts/fontawesome-webfont.ttf?v=4.6.3 
2020-02-20 06:20:24,437 INFO  c.i.l.m.c.ValasAccessDecisionVoter - Access granted for /static/new-backend/img/icon.png 
2020-02-20 10:35:45,489 INFO  c.i.l.m.ApplicationMonitoring - Starting ApplicationMonitoring on LHPX5CD8048N4D with PID 15672 (D:\OJT\Metalica-Corpay\application\Metallica\METALICA\liquiditas\liquiditas-monitoring\target\classes started by Administrator in D:\OJT\Metalica-Corpay\application\Metallica\METALICA\liquiditas) 
2020-02-20 10:35:45,490 DEBUG c.i.l.m.ApplicationMonitoring - Running with Spring Boot v1.5.3.RELEASE, Spring v4.3.8.RELEASE 
2020-02-20 10:35:45,490 INFO  c.i.l.m.ApplicationMonitoring - The following profiles are active: development 
2020-02-20 10:35:56,119 INFO  c.i.l.m.ApplicationMonitoring - Started ApplicationMonitoring in 11.221 seconds (JVM running for 12.434) 
2020-02-20 10:36:16,926 INFO  c.i.l.m.config.UserDetailsConfig - user get roles : [Role{id=USER_BESAR, role='ROLE_ADMIN'}] 
2020-02-20 10:36:17,274 INFO  c.i.l.m.c.ValasAccessDecisionVoter - Access granted for /page_operator/home 
2020-02-20 10:36:17,776 INFO  c.i.l.m.c.ValasAccessDecisionVoter - Access granted for /static/new-backend/css/font-awesome.min.css 
2020-02-20 10:36:17,778 INFO  c.i.l.m.c.ValasAccessDecisionVoter - Access granted for /static/css/backend/jquery.dataTables.min.css 
2020-02-20 10:36:17,780 INFO  c.i.l.m.c.ValasAccessDecisionVoter - Access granted for /static/css/select2.css 
2020-02-20 10:36:17,810 INFO  c.i.l.m.c.ValasAccessDecisionVoter - Access granted for /static/css/select2-bootstrap.css 
2020-02-20 10:36:17,818 INFO  c.i.l.m.c.ValasAccessDecisionVoter - Access granted for /static/css/jquery-ui.css 
2020-02-20 10:36:17,820 INFO  c.i.l.m.c.ValasAccessDecisionVoter - Access granted for /static/new-backend/css/simple-line-icons.css 
2020-02-20 10:36:17,829 INFO  c.i.l.m.c.ValasAccessDecisionVoter - Access granted for /static/new-backend/css/style.css 
2020-02-20 10:36:17,858 INFO  c.i.l.m.c.ValasAccessDecisionVoter - Access granted for /static/js/jquery-toast-plugin-1.3.2/dist/jquery.toast.min.css 
2020-02-20 10:36:17,864 INFO  c.i.l.m.c.ValasAccessDecisionVoter - Access granted for /static/js/select2.min.js 
2020-02-20 10:36:17,867 INFO  c.i.l.m.c.ValasAccessDecisionVoter - Access granted for /static/new-backend/bower_components/jquery/dist/jquery.min.js 
2020-02-20 10:36:17,875 INFO  c.i.l.m.c.ValasAccessDecisionVoter - Access granted for /static/new-backend/bower_components/tether/dist/js/tether.min.js 
2020-02-20 10:36:17,882 INFO  c.i.l.m.c.ValasAccessDecisionVoter - Access granted for /static/new-backend/bower_components/bootstrap/dist/js/bootstrap.min.js 
2020-02-20 10:36:17,898 INFO  c.i.l.m.c.ValasAccessDecisionVoter - Access granted for /static/js/backend/dataTables.bootstrap4.min.js 
2020-02-20 10:36:17,903 INFO  c.i.l.m.c.ValasAccessDecisionVoter - Access granted for /static/js/backend/jquery.dataTables.min.js 
2020-02-20 10:36:17,908 INFO  c.i.l.m.c.ValasAccessDecisionVoter - Access granted for /static/js/stomp.min.js 
2020-02-20 10:36:17,909 INFO  c.i.l.m.c.ValasAccessDecisionVoter - Access granted for /static/new-backend/bower_components/pace/pace.min.js 
2020-02-20 10:36:17,923 INFO  c.i.l.m.c.ValasAccessDecisionVoter - Access granted for /static/js/sockjs.min.js 
2020-02-20 10:36:17,930 INFO  c.i.l.m.c.ValasAccessDecisionVoter - Access granted for /static/js/show-dialog.js 
2020-02-20 10:36:17,938 INFO  c.i.l.m.c.ValasAccessDecisionVoter - Access granted for /static/new-backend/js/app.js 
2020-02-20 10:36:17,945 INFO  c.i.l.m.c.ValasAccessDecisionVoter - Access granted for /static/js/jquery-ui.js 
2020-02-20 10:36:17,962 INFO  c.i.l.m.c.ValasAccessDecisionVoter - Access granted for /static/js/maskedinput/jquery.maskmoney.js 
2020-02-20 10:36:18,016 INFO  c.i.l.m.c.ValasAccessDecisionVoter - Access granted for /static/js/maskedinput/jquery.mask.min.js 
2020-02-20 10:36:18,036 INFO  c.i.l.m.c.ValasAccessDecisionVoter - Access granted for /static/js/backend/coreapps.js 
2020-02-20 10:36:18,043 INFO  c.i.l.m.c.ValasAccessDecisionVoter - Access granted for /static/js/pdfmake/vfs_fonts.js 
2020-02-20 10:36:18,045 INFO  c.i.l.m.c.ValasAccessDecisionVoter - Access granted for /static/js/accounting.min.js 
2020-02-20 10:36:18,055 INFO  c.i.l.m.c.ValasAccessDecisionVoter - Access granted for /static/js/maskedinput/FormatMoney.js 
2020-02-20 10:36:18,059 INFO  c.i.l.m.c.ValasAccessDecisionVoter - Access granted for /static/js/pdfmake/pdfmake.min.js 
2020-02-20 10:36:18,094 INFO  c.i.l.m.c.ValasAccessDecisionVoter - Access granted for /static/js/jquery-toast-plugin-1.3.2/dist/jquery.toast.min.js 
2020-02-20 10:36:18,094 INFO  c.i.l.m.c.ValasAccessDecisionVoter - Access granted for /static/js/backend/controller/dashboard.js 
2020-02-20 10:36:18,097 INFO  c.i.l.m.c.ValasAccessDecisionVoter - Access granted for /static/js/backend/fusioncharts/fusioncharts.js 
2020-02-20 10:36:18,116 INFO  c.i.l.m.c.ValasAccessDecisionVoter - Access granted for /static/js/wsock.js 
2020-02-20 10:36:18,137 INFO  c.i.l.m.c.ValasAccessDecisionVoter - Access granted for /static/js/backend/fusioncharts/themes/fusioncharts.theme.fusion.js 
2020-02-20 10:36:18,143 INFO  c.i.l.m.c.ValasAccessDecisionVoter - Access granted for /static/new-backend/js/dataTables.rowsGroup.js 
2020-02-20 10:36:18,143 INFO  c.i.l.m.c.ValasAccessDecisionVoter - Access granted for /static/new-backend/img/avatars/7.jpg 
2020-02-20 10:36:18,172 INFO  c.i.l.m.c.ValasAccessDecisionVoter - Access granted for /static/new-backend/img/lg_background.png 
2020-02-20 10:36:18,538 INFO  c.i.l.m.c.ValasAccessDecisionVoter - Access granted for /static/new-backend/fonts/fontawesome-webfont.woff2?v=4.6.3 
2020-02-20 10:36:18,538 INFO  c.i.l.m.c.ValasAccessDecisionVoter - Access granted for /static/new-backend/fonts/Simple-Line-Icons.woff2?v=2.4.0 
2020-02-20 10:36:19,030 INFO  c.i.l.m.c.ValasAccessDecisionVoter - Access granted for /static/js/sockjs.min.js 
2020-02-20 10:36:19,069 INFO  c.i.l.m.c.ValasAccessDecisionVoter - Access granted for /static/new-backend/fonts/Simple-Line-Icons.ttf?v=2.4.0 
2020-02-20 10:36:19,071 INFO  c.i.l.m.c.ValasAccessDecisionVoter - Access granted for /static/new-backend/fonts/fontawesome-webfont.woff?v=4.6.3 
2020-02-20 10:36:19,080 INFO  c.i.l.m.c.ValasAccessDecisionVoter - Access granted for /static/js/stomp.min.js 
2020-02-20 10:36:19,141 INFO  c.i.l.m.c.ValasAccessDecisionVoter - Access granted for /static/js/jquery-toast-plugin-1.3.2/dist/jquery.toast.min.js 
2020-02-20 10:36:19,191 INFO  c.i.l.m.c.ValasAccessDecisionVoter - Access granted for /static/new-backend/fonts/fontawesome-webfont.ttf?v=4.6.3 
2020-02-20 10:36:19,352 INFO  c.i.l.m.c.ValasAccessDecisionVoter - Access granted for /notification/get_notifications?start=1&length10 
2020-02-20 10:36:19,387 INFO  c.i.l.m.c.ValasAccessDecisionVoter - Access granted for /static/css/images/sort_both.png 
2020-02-20 10:36:19,403 INFO  c.i.l.m.c.ValasAccessDecisionVoter - Access granted for /api_operator/api_report/saldo_awal?tanggal=20200220&_=1582169778425 
2020-02-20 10:36:19,422 INFO  c.i.l.m.c.ValasAccessDecisionVoter - Access granted for /api_operator/api_report/saldo_realisasi?tanggal=20200220&_=1582169778426 
2020-02-20 10:36:19,445 INFO  c.i.l.m.c.ValasAccessDecisionVoter - Access granted for /api_operator/api_report/get_dashboard_recana_valas?ptanggal=20200220&_=1582169778427 
2020-02-20 10:36:19,477 INFO  c.i.l.m.c.ValasAccessDecisionVoter - Access granted for /api_operator/api_report/get_dashboard_rencana_imprest?ptanggal=20200220&_=1582169778428 
2020-02-20 10:36:19,495 INFO  c.i.l.m.c.ValasAccessDecisionVoter - Access granted for /api_operator/api_report/get_dashboard_real_curr?ptanggal=20200212&_=1582169778429 
2020-02-20 10:36:21,089 INFO  c.i.l.m.c.ValasAccessDecisionVoter - Access granted for /api_operator/api_report/get_dashboard_real_cashcode?ptanggal=20200213&_=1582169778430 
2020-02-20 10:36:21,089 INFO  c.i.l.m.c.ValasAccessDecisionVoter - Access granted for /api_operator/api_report/get_dashboard_real_jenis?ptanggal=20200213&_=1582169778431 
2020-02-20 10:36:21,549 INFO  c.i.l.m.c.ValasAccessDecisionVoter - Access granted for /api_operator/api_report/get_dashboard_real_vendor?ptanggal=20200208&_=1582169778432 
2020-02-20 10:36:21,572 INFO  c.i.l.m.c.ValasAccessDecisionVoter - Access granted for /api_operator/api_report/get_dashboard_rencana_vendor?ptanggal=20200208&_=1582169778433 
2020-02-20 10:36:21,577 INFO  c.i.l.m.c.ValasAccessDecisionVoter - Access granted for /liquiditas/info 
2020-02-20 10:36:21,841 INFO  c.i.l.m.c.ValasAccessDecisionVoter - Access granted for /static/js/backend/fusioncharts/fusioncharts.charts.js 
2020-02-20 10:36:21,877 INFO  c.i.l.m.c.ValasAccessDecisionVoter - Access granted for /liquiditas/659/7psjf0zx/websocket 
2020-02-20 10:36:31,042 INFO  c.i.l.m.c.ValasAccessDecisionVoter - Access granted for /page_operator/pembelian_valas_trx 
2020-02-20 10:36:33,496 INFO  c.i.l.m.c.ValasAccessDecisionVoter - Access granted for /static/css/jquery-ui.css 
2020-02-20 10:36:33,498 INFO  c.i.l.m.c.ValasAccessDecisionVoter - Access granted for /static/new-backend/css/style.css 
2020-02-20 10:36:33,499 INFO  c.i.l.m.c.ValasAccessDecisionVoter - Access granted for /static/new-backend/css/simple-line-icons.css 
2020-02-20 10:36:33,502 INFO  c.i.l.m.c.ValasAccessDecisionVoter - Access granted for /static/css/select2.css 
2020-02-20 10:36:33,506 INFO  c.i.l.m.c.ValasAccessDecisionVoter - Access granted for /static/css/backend/jquery.dataTables.min.css 
2020-02-20 10:36:33,509 INFO  c.i.l.m.c.ValasAccessDecisionVoter - Access granted for /static/new-backend/css/font-awesome.min.css 
2020-02-20 10:36:33,515 INFO  c.i.l.m.c.ValasAccessDecisionVoter - Access granted for /static/css/select2-bootstrap.css 
2020-02-20 10:36:33,528 INFO  c.i.l.m.c.ValasAccessDecisionVoter - Access granted for /static/js/jquery-toast-plugin-1.3.2/dist/jquery.toast.min.css 
2020-02-20 10:36:33,544 INFO  c.i.l.m.c.ValasAccessDecisionVoter - Access granted for /static/new-backend/img/avatars/7.jpg 
2020-02-20 10:36:33,580 INFO  c.i.l.m.c.ValasAccessDecisionVoter - Access granted for /static/js/select2.min.js 
2020-02-20 10:36:33,581 INFO  c.i.l.m.c.ValasAccessDecisionVoter - Access granted for /static/new-backend/bower_components/jquery/dist/jquery.min.js 
2020-02-20 10:36:33,582 INFO  c.i.l.m.c.ValasAccessDecisionVoter - Access granted for /static/new-backend/bower_components/tether/dist/js/tether.min.js 
2020-02-20 10:36:33,598 INFO  c.i.l.m.c.ValasAccessDecisionVoter - Access granted for /static/js/backend/jquery.dataTables.min.js 
2020-02-20 10:36:33,605 INFO  c.i.l.m.c.ValasAccessDecisionVoter - Access granted for /static/js/backend/dataTables.bootstrap4.min.js 
2020-02-20 10:36:33,613 INFO  c.i.l.m.c.ValasAccessDecisionVoter - Access granted for /static/new-backend/bower_components/bootstrap/dist/js/bootstrap.min.js 
2020-02-20 10:36:33,637 INFO  c.i.l.m.c.ValasAccessDecisionVoter - Access granted for /static/new-backend/bower_components/pace/pace.min.js 
2020-02-20 10:36:33,644 INFO  c.i.l.m.c.ValasAccessDecisionVoter - Access granted for /static/new-backend/js/app.js 
2020-02-20 10:36:33,646 INFO  c.i.l.m.c.ValasAccessDecisionVoter - Access granted for /static/js/stomp.min.js 
2020-02-20 10:36:33,648 INFO  c.i.l.m.c.ValasAccessDecisionVoter - Access granted for /static/js/jquery-ui.js 
2020-02-20 10:36:33,650 INFO  c.i.l.m.c.ValasAccessDecisionVoter - Access granted for /static/js/sockjs.min.js 
2020-02-20 10:36:33,665 INFO  c.i.l.m.c.ValasAccessDecisionVoter - Access granted for /static/js/show-dialog.js 
2020-02-20 10:36:33,674 INFO  c.i.l.m.c.ValasAccessDecisionVoter - Access granted for /static/js/maskedinput/jquery.mask.min.js 
2020-02-20 10:36:33,693 INFO  c.i.l.m.c.ValasAccessDecisionVoter - Access granted for /static/js/maskedinput/jquery.maskmoney.js 
2020-02-20 10:36:33,702 INFO  c.i.l.m.c.ValasAccessDecisionVoter - Access granted for /static/js/maskedinput/FormatMoney.js 
2020-02-20 10:36:33,717 INFO  c.i.l.m.c.ValasAccessDecisionVoter - Access granted for /static/js/pdfmake/pdfmake.min.js 
2020-02-20 10:36:33,724 INFO  c.i.l.m.c.ValasAccessDecisionVoter - Access granted for /static/js/pdfmake/vfs_fonts.js 
2020-02-20 10:36:33,744 INFO  c.i.l.m.c.ValasAccessDecisionVoter - Access granted for /static/js/backend/coreapps.js 
2020-02-20 10:36:33,744 INFO  c.i.l.m.c.ValasAccessDecisionVoter - Access granted for /static/js/accounting.min.js 
2020-02-20 10:36:33,762 INFO  c.i.l.m.c.ValasAccessDecisionVoter - Access granted for /static/js/jquery-toast-plugin-1.3.2/dist/jquery.toast.min.js 
2020-02-20 10:36:33,763 INFO  c.i.l.m.c.ValasAccessDecisionVoter - Access granted for /static/js/wsock.js 
2020-02-20 10:36:33,779 INFO  c.i.l.m.c.ValasAccessDecisionVoter - Access granted for /static/js/backend/controller/pembelianValasTrx.js 
2020-02-20 10:36:33,792 INFO  c.i.l.m.c.ValasAccessDecisionVoter - Access granted for /static/new-backend/img/lg_background.png 
2020-02-20 10:36:34,018 INFO  c.i.l.m.c.ValasAccessDecisionVoter - Access granted for /static/new-backend/fonts/fontawesome-webfont.woff2?v=4.6.3 
2020-02-20 10:36:34,018 INFO  c.i.l.m.c.ValasAccessDecisionVoter - Access granted for /static/new-backend/fonts/Simple-Line-Icons.woff2?v=2.4.0 
2020-02-20 10:36:34,356 INFO  c.i.l.m.c.ValasAccessDecisionVoter - Access granted for /static/js/sockjs.min.js 
2020-02-20 10:36:34,397 INFO  c.i.l.m.c.ValasAccessDecisionVoter - Access granted for /static/new-backend/fonts/Simple-Line-Icons.ttf?v=2.4.0 
2020-02-20 10:36:34,399 INFO  c.i.l.m.c.ValasAccessDecisionVoter - Access granted for /static/new-backend/fonts/fontawesome-webfont.woff?v=4.6.3 
2020-02-20 10:36:34,402 INFO  c.i.l.m.c.ValasAccessDecisionVoter - Access granted for /static/js/stomp.min.js 
2020-02-20 10:36:34,421 INFO  c.i.l.m.c.ValasAccessDecisionVoter - Access granted for /static/new-backend/fonts/fontawesome-webfont.ttf?v=4.6.3 
2020-02-20 10:36:34,421 INFO  c.i.l.m.c.ValasAccessDecisionVoter - Access granted for /static/js/jquery-toast-plugin-1.3.2/dist/jquery.toast.min.js 
2020-02-20 10:36:34,510 INFO  c.i.l.m.c.ValasAccessDecisionVoter - Access granted for /notification/get_notifications?start=1&length10 
2020-02-20 10:36:34,543 INFO  c.i.l.m.c.ValasAccessDecisionVoter - Access granted for /static/css/images/sort_both.png 
2020-02-20 10:36:34,570 INFO  c.i.l.m.c.ValasAccessDecisionVoter - Access granted for /static/css/images/sort_asc.png 
2020-02-20 10:36:34,610 INFO  c.i.l.m.c.ValasAccessDecisionVoter - Access granted for /api_operator/pembelian_valas_trx/get_pembelian_valas_trx?draw=1&columns%5B0%5D%5Bdata%5D=0&columns%5B0%5D%5Bname%5D=&columns%5B0%5D%5Bsearchable%5D=true&columns%5B0%5D%5Borderable%5D=false&columns%5B0%5D%5Bsearch%5D%5Bvalue%5D=&columns%5B0%5D%5Bsearch%5D%5Bregex%5D=false&columns%5B1%5D%5Bdata%5D=1&columns%5B1%5D%5Bname%5D=&columns%5B1%5D%5Bsearchable%5D=true&columns%5B1%5D%5Borderable%5D=true&columns%5B1%5D%5Bsearch%5D%5Bvalue%5D=&columns%5B1%5D%5Bsearch%5D%5Bregex%5D=false&columns%5B2%5D%5Bdata%5D=2&columns%5B2%5D%5Bname%5D=&columns%5B2%5D%5Bsearchable%5D=true&columns%5B2%5D%5Borderable%5D=true&columns%5B2%5D%5Bsearch%5D%5Bvalue%5D=&columns%5B2%5D%5Bsearch%5D%5Bregex%5D=false&columns%5B3%5D%5Bdata%5D=3&columns%5B3%5D%5Bname%5D=&columns%5B3%5D%5Bsearchable%5D=true&columns%5B3%5D%5Borderable%5D=true&columns%5B3%5D%5Bsearch%5D%5Bvalue%5D=&columns%5B3%5D%5Bsearch%5D%5Bregex%5D=false&columns%5B4%5D%5Bdata%5D=4&columns%5B4%5D%5Bname%5D=&columns%5B4%5D%5Bsearchable%5D=true&columns%5B4%5D%5Borderable%5D=true&columns%5B4%5D%5Bsearch%5D%5Bvalue%5D=&columns%5B4%5D%5Bsearch%5D%5Bregex%5D=false&columns%5B5%5D%5Bdata%5D=5&columns%5B5%5D%5Bname%5D=&columns%5B5%5D%5Bsearchable%5D=true&columns%5B5%5D%5Borderable%5D=true&columns%5B5%5D%5Bsearch%5D%5Bvalue%5D=&columns%5B5%5D%5Bsearch%5D%5Bregex%5D=false&columns%5B6%5D%5Bdata%5D=6&columns%5B6%5D%5Bname%5D=&columns%5B6%5D%5Bsearchable%5D=true&columns%5B6%5D%5Borderable%5D=true&columns%5B6%5D%5Bsearch%5D%5Bvalue%5D=&columns%5B6%5D%5Bsearch%5D%5Bregex%5D=false&columns%5B7%5D%5Bdata%5D=7&columns%5B7%5D%5Bname%5D=&columns%5B7%5D%5Bsearchable%5D=true&columns%5B7%5D%5Borderable%5D=true&columns%5B7%5D%5Bsearch%5D%5Bvalue%5D=&columns%5B7%5D%5Bsearch%5D%5Bregex%5D=false&columns%5B8%5D%5Bdata%5D=8&columns%5B8%5D%5Bname%5D=&columns%5B8%5D%5Bsearchable%5D=true&columns%5B8%5D%5Borderable%5D=true&columns%5B8%5D%5Bsearch%5D%5Bvalue%5D=&columns%5B8%5D%5Bsearch%5D%5Bregex%5D=false&columns%5B9%5D%5Bdata%5D=9&columns%5B9%5D%5Bname%5D=&columns%5B9%5D%5Bsearchable%5D=true&columns%5B9%5D%5Borderable%5D=true&columns%5B9%5D%5Bsearch%5D%5Bvalue%5D=&columns%5B9%5D%5Bsearch%5D%5Bregex%5D=false&columns%5B10%5D%5Bdata%5D=10&columns%5B10%5D%5Bname%5D=&columns%5B10%5D%5Bsearchable%5D=true&columns%5B10%5D%5Borderable%5D=true&columns%5B10%5D%5Bsearch%5D%5Bvalue%5D=&columns%5B10%5D%5Bsearch%5D%5Bregex%5D=false&columns%5B11%5D%5Bdata%5D=11&columns%5B11%5D%5Bname%5D=&columns%5B11%5D%5Bsearchable%5D=true&columns%5B11%5D%5Borderable%5D=true&columns%5B11%5D%5Bsearch%5D%5Bvalue%5D=&columns%5B11%5D%5Bsearch%5D%5Bregex%5D=false&columns%5B12%5D%5Bdata%5D=12&columns%5B12%5D%5Bname%5D=&columns%5B12%5D%5Bsearchable%5D=true&columns%5B12%5D%5Borderable%5D=true&columns%5B12%5D%5Bsearch%5D%5Bvalue%5D=&columns%5B12%5D%5Bsearch%5D%5Bregex%5D=false&columns%5B13%5D%5Bdata%5D=13&columns%5B13%5D%5Bname%5D=&columns%5B13%5D%5Bsearchable%5D=true&columns%5B13%5D%5Borderable%5D=true&columns%5B13%5D%5Bsearch%5D%5Bvalue%5D=&columns%5B13%5D%5Bsearch%5D%5Bregex%5D=false&order%5B0%5D%5Bcolumn%5D=0&order%5B0%5D%5Bdir%5D=asc&start=0&length=10&search%5Bvalue%5D=&search%5Bregex%5D=false&_=1582169793911 
2020-02-20 10:36:34,638 INFO  c.i.l.m.c.ValasAccessDecisionVoter - Access granted for /liquiditas/info 
2020-02-20 10:36:34,659 INFO  c.i.l.m.c.ValasAccessDecisionVoter - Access granted for /liquiditas/599/s9d64x_8/websocket 
2020-02-20 10:36:35,203 INFO  c.i.l.m.c.o.PembelianValasTrxController - size data : 2 
2020-02-20 10:36:35,203 INFO  c.i.l.m.c.o.PembelianValasTrxController - list data : [{TOTAL_COUNT=2, ID_METALLICA=REKAP/20200219-072, DOCUMENT_DATE=19/02/2020, POSTING_DATE=19/02/2020, FISC_YEAR=2020, DOCUMENT_NUMBER=123213, REFERENCE=123123, COMPANY_CODE=1000, BUSINESS_AREA=100, CURRENCY=IDR, EXCHANGE_RATE=-, DOC_HDR_TXT=123, PMT_PROPOSAL_ID=343, STATUS_TRACKING=INPUT DATA, TOTAL_TAGIHAN=1000, ROW_NUMBER=1}, {TOTAL_COUNT=2, ID_METALLICA=REKAP/20200219-075, DOCUMENT_DATE=19/02/2020, POSTING_DATE=19/02/2020, FISC_YEAR=2020, DOCUMENT_NUMBER=745252242, REFERENCE=03111, COMPANY_CODE=1000, BUSINESS_AREA=1001, CURRENCY=IDR, EXCHANGE_RATE=-, DOC_HDR_TXT=tes, PMT_PROPOSAL_ID=344, STATUS_TRACKING=INPUT DATA, TOTAL_TAGIHAN=1000, ROW_NUMBER=2}] 
2020-02-20 10:36:35,232 INFO  c.i.l.m.c.ValasAccessDecisionVoter - Access granted for /api_operator/pembayaran/get_total_tagihan?tgl_awal=&tgl_akhir=&bank=&cur=&statusTracking=&search= 
2020-02-20 10:36:35,232 INFO  c.i.l.m.c.ValasAccessDecisionVoter - Access granted for /api_operator/pembayaran/get_total_per_currency?tgl_awal=&tgl_akhir=&bank=&cur=&statusTracking=&search= 
2020-02-20 10:36:42,607 INFO  c.i.l.m.c.ValasAccessDecisionVoter - Access granted for /api_operator/pembelian_valas_trx/detail_pembelian_valas_trx?pIdMetallica=REKAP%2F20200219-072&_=1582169793912 
2020-02-20 10:36:42,637 INFO  c.i.l.m.c.ValasAccessDecisionVoter - Access granted for /api_operator/pembelian_valas_trx/get_glaccount?pCurrency=IDR 
2020-02-20 10:36:42,639 INFO  c.i.l.m.c.ValasAccessDecisionVoter - Access granted for /api_operator/pembelian_valas_trx/get_cashcode 
2020-02-20 10:36:44,949 INFO  c.i.l.m.c.o.PembelianValasTrxController - size data : 2 
2020-02-20 10:36:44,949 INFO  c.i.l.m.c.o.PembelianValasTrxController - list data : [{TOTAL_COUNT=2, ID_METALLICA=REKAP/20200219-072, AMOUNT=1000, BUSINESS_AREA=100, COMP_CODE=1000, CURRENCY=IDR, DEBIT_CREDIT_IND=D, DOC_NO=123213, GL_ACCOUNT=1202032162, LINE_NO=002, PMT_PROPOSAL_ID=343, POSTING_DATE=19/02/2020, REMARKS=tesr, FLAG=1, ID_VALAS_ITEM_TRX=REKAP/20200219-074, CASH_CODE=1.1, FISC_YEAR=2020, EXCHANGE_RATE=-, COST_CTR=1234567890, SUMBER_DANA=PMN, ROW_NUMBER=1}, {TOTAL_COUNT=2, ID_METALLICA=REKAP/20200219-072, AMOUNT=1000, BUSINESS_AREA=100, COMP_CODE=1000, CURRENCY=IDR, DEBIT_CREDIT_IND=C, DOC_NO=123213, GL_ACCOUNT=1202032161, LINE_NO=001, PMT_PROPOSAL_ID=343, POSTING_DATE=19/02/2020, REMARKS=tesss, FLAG=1, ID_VALAS_ITEM_TRX=REKAP/20200219-073, CASH_CODE=1.1, FISC_YEAR=2020, EXCHANGE_RATE=-, COST_CTR=1234567890, SUMBER_DANA=PMN, ROW_NUMBER=2}] 
2020-02-20 10:36:48,332 INFO  c.i.l.m.c.ValasAccessDecisionVoter - Access granted for /static/new-backend/css/font-awesome.min.css 
2020-02-20 10:36:48,334 INFO  c.i.l.m.c.ValasAccessDecisionVoter - Access granted for /static/css/jquery-ui.css 
2020-02-20 10:36:48,341 INFO  c.i.l.m.c.ValasAccessDecisionVoter - Access granted for /static/css/backend/jquery.dataTables.min.css 
2020-02-20 10:36:48,341 INFO  c.i.l.m.c.ValasAccessDecisionVoter - Access granted for /static/new-backend/css/style.css 
2020-02-20 10:36:48,341 INFO  c.i.l.m.c.ValasAccessDecisionVoter - Access granted for /static/css/select2.css 
2020-02-20 10:36:48,342 INFO  c.i.l.m.c.ValasAccessDecisionVoter - Access granted for /static/new-backend/css/simple-line-icons.css 
2020-02-20 10:36:48,352 INFO  c.i.l.m.c.ValasAccessDecisionVoter - Access granted for /static/js/jquery-toast-plugin-1.3.2/dist/jquery.toast.min.css 
2020-02-20 10:36:48,356 INFO  c.i.l.m.c.ValasAccessDecisionVoter - Access granted for /static/css/select2-bootstrap.css 
2020-02-20 10:36:48,403 INFO  c.i.l.m.c.ValasAccessDecisionVoter - Access granted for /static/js/pdfmake/pdfmake.min.js.map 
