2018-06-05 08:36:32,438 DEBUG c.i.l.m.ApplicationMonitoring - Running with Spring Boot v1.5.3.RELEASE, Spring v4.3.8.RELEASE 
2018-06-05 08:38:05,483 DEBUG c.i.l.m.c.o.PembayaranController - idValas :   
2018-06-05 08:38:05,483 DEBUG c.i.l.m.c.o.PembayaranController - pJenisPembayaran : P00001  
2018-06-05 08:38:05,483 DEBUG c.i.l.m.c.o.PembayaranController - pTglJatuhTempo : 07/06/2018  
2018-06-05 08:38:05,484 DEBUG c.i.l.m.c.o.PembayaranController - pCurr : EUR  
2018-06-05 08:38:05,484 DEBUG c.i.l.m.c.o.PembayaranController - pVendor : V00004  
2018-06-05 08:38:05,484 DEBUG c.i.l.m.c.o.PembayaranController - pNilaiTagihan : 1  
2018-06-05 08:38:05,484 DEBUG c.i.l.m.c.o.PembayaranController - pBankTujuan : B00003  
2018-06-05 08:38:05,484 DEBUG c.i.l.m.c.o.PembayaranController - pBankPembayar : B00059  
2018-06-05 08:38:05,484 DEBUG c.i.l.m.c.o.PembayaranController - pUnitPenerima : A00004  
2018-06-05 08:38:05,484 DEBUG c.i.l.m.c.o.PembayaranController - pNoTagihan :   
2018-06-05 08:38:05,484 DEBUG c.i.l.m.c.o.PembayaranController - pTglTagihan :   
2018-06-05 08:38:05,484 DEBUG c.i.l.m.c.o.PembayaranController - pNoNotdin :   
2018-06-05 08:38:05,484 DEBUG c.i.l.m.c.o.PembayaranController - pTglNotdin :   
2018-06-05 08:38:05,484 DEBUG c.i.l.m.c.o.PembayaranController - pNoTagihan :   
2018-06-05 08:38:05,484 DEBUG c.i.l.m.c.o.PembayaranController - pStatusValas :   
2018-06-05 08:38:05,484 DEBUG c.i.l.m.c.o.PembayaranController - pKeterangan :   
2018-06-05 08:38:05,484 DEBUG c.i.l.m.c.o.PembayaranController - pTipeTransaksi : 1  
2018-06-05 08:38:05,484 DEBUG c.i.l.m.c.o.PembayaranController - pTglTerimaInvoice : 05/06/2018  
2018-06-05 08:38:22,543 DEBUG c.i.l.m.c.o.PembayaranController - idValas : REKAP/20180605-000000007  
2018-06-05 08:53:17,588 DEBUG c.i.l.m.c.o.PembayaranController - idValas :   
2018-06-05 08:53:17,588 DEBUG c.i.l.m.c.o.PembayaranController - pJenisPembayaran : P00001  
2018-06-05 08:53:17,588 DEBUG c.i.l.m.c.o.PembayaranController - pTglJatuhTempo :   
2018-06-05 08:53:17,588 DEBUG c.i.l.m.c.o.PembayaranController - pCurr : EUR  
2018-06-05 08:53:17,588 DEBUG c.i.l.m.c.o.PembayaranController - pVendor : V00004  
2018-06-05 08:53:17,588 DEBUG c.i.l.m.c.o.PembayaranController - pNilaiTagihan : 1  
2018-06-05 08:53:17,588 DEBUG c.i.l.m.c.o.PembayaranController - pBankTujuan : B00005  
2018-06-05 08:53:17,588 DEBUG c.i.l.m.c.o.PembayaranController - pBankPembayar : B00059  
2018-06-05 08:53:17,588 DEBUG c.i.l.m.c.o.PembayaranController - pUnitPenerima : A00005  
2018-06-05 08:53:17,588 DEBUG c.i.l.m.c.o.PembayaranController - pNoTagihan :   
2018-06-05 08:53:17,588 DEBUG c.i.l.m.c.o.PembayaranController - pTglTagihan :   
2018-06-05 08:53:17,588 DEBUG c.i.l.m.c.o.PembayaranController - pNoNotdin :   
2018-06-05 08:53:17,589 DEBUG c.i.l.m.c.o.PembayaranController - pTglNotdin :   
2018-06-05 08:53:17,589 DEBUG c.i.l.m.c.o.PembayaranController - pNoTagihan :   
2018-06-05 08:53:17,589 DEBUG c.i.l.m.c.o.PembayaranController - pStatusValas :   
2018-06-05 08:53:17,589 DEBUG c.i.l.m.c.o.PembayaranController - pKeterangan :   
2018-06-05 08:53:17,589 DEBUG c.i.l.m.c.o.PembayaranController - pTipeTransaksi : 2  
2018-06-05 08:53:17,589 DEBUG c.i.l.m.c.o.PembayaranController - pTglTerimaInvoice : 04/06/2018  
2018-06-05 09:02:44,286 DEBUG c.i.l.m.c.o.PembayaranController - idValas : REKAP/20180605-000000006  
2018-06-05 09:15:20,621 DEBUG c.i.l.m.config.SecurityConfig$1 - User 'msenergi' not found 
2018-06-05 09:15:39,332 DEBUG c.i.l.m.c.o.PembayaranController - idValas : REKAP/20180605-000000006  
2018-06-05 09:19:24,648 DEBUG c.i.l.m.c.o.PembayaranController - idValas : REKAP/20180605-000000006  
2018-06-05 09:42:04,796 DEBUG c.i.l.m.c.o.PembayaranController - idValas :   
2018-06-05 09:42:04,796 DEBUG c.i.l.m.c.o.PembayaranController - pJenisPembayaran : P00019  
2018-06-05 09:42:04,796 DEBUG c.i.l.m.c.o.PembayaranController - pTglJatuhTempo :   
2018-06-05 09:42:04,796 DEBUG c.i.l.m.c.o.PembayaranController - pCurr : MYR  
2018-06-05 09:42:04,796 DEBUG c.i.l.m.c.o.PembayaranController - pVendor : V00003  
2018-06-05 09:42:04,796 DEBUG c.i.l.m.c.o.PembayaranController - pNilaiTagihan : 1  
2018-06-05 09:42:04,797 DEBUG c.i.l.m.c.o.PembayaranController - pBankTujuan : B00005  
2018-06-05 09:42:04,797 DEBUG c.i.l.m.c.o.PembayaranController - pBankPembayar : B00059  
2018-06-05 09:42:04,797 DEBUG c.i.l.m.c.o.PembayaranController - pUnitPenerima : A00002  
2018-06-05 09:42:04,797 DEBUG c.i.l.m.c.o.PembayaranController - pNoTagihan :   
2018-06-05 09:42:04,797 DEBUG c.i.l.m.c.o.PembayaranController - pTglTagihan :   
2018-06-05 09:42:04,797 DEBUG c.i.l.m.c.o.PembayaranController - pNoNotdin :   
2018-06-05 09:42:04,797 DEBUG c.i.l.m.c.o.PembayaranController - pTglNotdin :   
2018-06-05 09:42:04,797 DEBUG c.i.l.m.c.o.PembayaranController - pNoTagihan :   
2018-06-05 09:42:04,797 DEBUG c.i.l.m.c.o.PembayaranController - pStatusValas :   
2018-06-05 09:42:04,797 DEBUG c.i.l.m.c.o.PembayaranController - pKeterangan :   
2018-06-05 09:42:04,797 DEBUG c.i.l.m.c.o.PembayaranController - pTipeTransaksi : 2  
2018-06-05 09:42:04,797 DEBUG c.i.l.m.c.o.PembayaranController - pTglTerimaInvoice : 04/06/2018  
2018-06-05 09:50:28,378 DEBUG c.i.l.m.c.o.PembayaranController - idValas : REKAP/20180605-000000009  
2018-06-05 09:54:05,946 DEBUG c.i.l.m.c.o.PembayaranController - idValas : REKAP/20180605-000000009  
2018-06-05 10:01:32,734 DEBUG c.i.l.m.c.o.PembayaranController - idValas : REKAP/20180605-000000009  
2018-06-05 10:03:51,489 DEBUG c.i.l.m.config.SecurityConfig$1 - User 'kasirvalas' not found 
2018-06-05 10:04:40,869 DEBUG c.i.l.m.c.o.PembayaranController - idValas : REKAP/20180605-000000009  
2018-06-05 10:04:40,869 DEBUG c.i.l.m.c.o.PembayaranController - pJenisPembayaran : P00016  
2018-06-05 10:04:40,869 DEBUG c.i.l.m.c.o.PembayaranController - pTglJatuhTempo :   
2018-06-05 10:04:40,869 DEBUG c.i.l.m.c.o.PembayaranController - pCurr : MYR  
2018-06-05 10:04:40,869 DEBUG c.i.l.m.c.o.PembayaranController - pVendor : V00003  
2018-06-05 10:04:40,869 DEBUG c.i.l.m.c.o.PembayaranController - pNilaiTagihan : 1  
2018-06-05 10:04:40,869 DEBUG c.i.l.m.c.o.PembayaranController - pBankTujuan : B00005  
2018-06-05 10:04:40,869 DEBUG c.i.l.m.c.o.PembayaranController - pBankPembayar : B00059  
2018-06-05 10:04:40,869 DEBUG c.i.l.m.c.o.PembayaranController - pUnitPenerima : A00002  
2018-06-05 10:04:40,869 DEBUG c.i.l.m.c.o.PembayaranController - pNoTagihan : -  
2018-06-05 10:04:40,869 DEBUG c.i.l.m.c.o.PembayaranController - pTglTagihan :   
2018-06-05 10:04:40,869 DEBUG c.i.l.m.c.o.PembayaranController - pNoNotdin : -  
2018-06-05 10:04:40,869 DEBUG c.i.l.m.c.o.PembayaranController - pTglNotdin :   
2018-06-05 10:04:40,869 DEBUG c.i.l.m.c.o.PembayaranController - pNoTagihan : -  
2018-06-05 10:04:40,870 DEBUG c.i.l.m.c.o.PembayaranController - pStatusValas :   
2018-06-05 10:04:40,870 DEBUG c.i.l.m.c.o.PembayaranController - pKeterangan :   
2018-06-05 10:04:40,872 DEBUG c.i.l.m.c.o.PembayaranController - pTipeTransaksi : 2  
2018-06-05 10:04:40,872 DEBUG c.i.l.m.c.o.PembayaranController - pTglTerimaInvoice : 04/06/2018  
2018-06-05 10:05:57,844 DEBUG c.i.l.m.c.o.PembayaranController - idValas : REKAP/20180605-000000009  
2018-06-05 10:05:57,844 DEBUG c.i.l.m.c.o.PembayaranController - pJenisPembayaran : P00016  
2018-06-05 10:05:57,844 DEBUG c.i.l.m.c.o.PembayaranController - pTglJatuhTempo :   
2018-06-05 10:05:57,844 DEBUG c.i.l.m.c.o.PembayaranController - pCurr : USD  
2018-06-05 10:05:57,844 DEBUG c.i.l.m.c.o.PembayaranController - pVendor : V00003  
2018-06-05 10:05:57,844 DEBUG c.i.l.m.c.o.PembayaranController - pNilaiTagihan : 1  
2018-06-05 10:05:57,844 DEBUG c.i.l.m.c.o.PembayaranController - pBankTujuan : B00005  
2018-06-05 10:05:57,844 DEBUG c.i.l.m.c.o.PembayaranController - pBankPembayar : B00059  
2018-06-05 10:05:57,844 DEBUG c.i.l.m.c.o.PembayaranController - pUnitPenerima : A00002  
2018-06-05 10:05:57,844 DEBUG c.i.l.m.c.o.PembayaranController - pNoTagihan : -  
2018-06-05 10:05:57,844 DEBUG c.i.l.m.c.o.PembayaranController - pTglTagihan :   
2018-06-05 10:05:57,844 DEBUG c.i.l.m.c.o.PembayaranController - pNoNotdin : -  
2018-06-05 10:05:57,844 DEBUG c.i.l.m.c.o.PembayaranController - pTglNotdin :   
2018-06-05 10:05:57,844 DEBUG c.i.l.m.c.o.PembayaranController - pNoTagihan : -  
2018-06-05 10:05:57,844 DEBUG c.i.l.m.c.o.PembayaranController - pStatusValas :   
2018-06-05 10:05:57,845 DEBUG c.i.l.m.c.o.PembayaranController - pKeterangan :   
2018-06-05 10:05:57,845 DEBUG c.i.l.m.c.o.PembayaranController - pTipeTransaksi : 2  
2018-06-05 10:05:57,845 DEBUG c.i.l.m.c.o.PembayaranController - pTglTerimaInvoice : 04/06/2018  
2018-06-05 10:06:44,742 DEBUG c.i.l.m.c.o.PembayaranController - idValas : REKAP/20180605-000000009  
2018-06-05 10:07:15,021 DEBUG c.i.l.m.c.o.PembayaranController - idValas :   
2018-06-05 10:07:15,021 DEBUG c.i.l.m.c.o.PembayaranController - pJenisPembayaran : P00016  
2018-06-05 10:07:15,021 DEBUG c.i.l.m.c.o.PembayaranController - pTglJatuhTempo : 05/06/2018  
2018-06-05 10:07:15,021 DEBUG c.i.l.m.c.o.PembayaranController - pCurr : IDR  
2018-06-05 10:07:15,021 DEBUG c.i.l.m.c.o.PembayaranController - pVendor : V00002  
2018-06-05 10:07:15,021 DEBUG c.i.l.m.c.o.PembayaranController - pNilaiTagihan : 3500  
2018-06-05 10:07:15,021 DEBUG c.i.l.m.c.o.PembayaranController - pBankTujuan : B00003  
2018-06-05 10:07:15,021 DEBUG c.i.l.m.c.o.PembayaranController - pBankPembayar : B00058  
2018-06-05 10:07:15,021 DEBUG c.i.l.m.c.o.PembayaranController - pUnitPenerima : A00002  
2018-06-05 10:07:15,021 DEBUG c.i.l.m.c.o.PembayaranController - pNoTagihan :   
2018-06-05 10:07:15,021 DEBUG c.i.l.m.c.o.PembayaranController - pTglTagihan :   
2018-06-05 10:07:15,021 DEBUG c.i.l.m.c.o.PembayaranController - pNoNotdin :   
2018-06-05 10:07:15,021 DEBUG c.i.l.m.c.o.PembayaranController - pTglNotdin :   
2018-06-05 10:07:15,021 DEBUG c.i.l.m.c.o.PembayaranController - pNoTagihan :   
2018-06-05 10:07:15,021 DEBUG c.i.l.m.c.o.PembayaranController - pStatusValas :   
2018-06-05 10:07:15,021 DEBUG c.i.l.m.c.o.PembayaranController - pKeterangan :   
2018-06-05 10:07:15,021 DEBUG c.i.l.m.c.o.PembayaranController - pTipeTransaksi : 1  
2018-06-05 10:07:15,021 DEBUG c.i.l.m.c.o.PembayaranController - pTglTerimaInvoice : 05/06/2018  
2018-06-05 10:07:31,247 DEBUG c.i.l.m.c.o.PembayaranController - idValas : REKAP/20180605-000000012  
2018-06-05 10:07:57,796 DEBUG c.i.l.m.c.o.PembayaranController - idValas : REKAP/20180605-000000012  
2018-06-05 10:08:23,298 DEBUG c.i.l.m.c.o.PembayaranController - idValas : REKAP/20180605-000000012  
2018-06-05 10:08:42,344 DEBUG c.i.l.m.c.o.PembayaranController - idValas : REKAP/20180605-000000012  
2018-06-05 10:09:12,631 DEBUG c.i.l.m.c.o.PembayaranController - idValas : REKAP/20180605-000000012  
2018-06-05 10:09:48,899 DEBUG c.i.l.m.config.SecurityConfig$1 - User 'kasirin' not found 
2018-06-05 10:10:08,848 DEBUG c.i.l.m.c.o.PembayaranController - idValas : REKAP/20180605-000000012  
2018-06-05 10:12:25,661 DEBUG c.i.l.m.c.o.PembayaranController - idValas :   
2018-06-05 10:12:25,661 DEBUG c.i.l.m.c.o.PembayaranController - pJenisPembayaran : P00012  
2018-06-05 10:12:25,661 DEBUG c.i.l.m.c.o.PembayaranController - pTglJatuhTempo :   
2018-06-05 10:12:25,661 DEBUG c.i.l.m.c.o.PembayaranController - pCurr : IDR  
2018-06-05 10:12:25,661 DEBUG c.i.l.m.c.o.PembayaranController - pVendor : V00003  
2018-06-05 10:12:25,661 DEBUG c.i.l.m.c.o.PembayaranController - pNilaiTagihan : 1  
2018-06-05 10:12:25,661 DEBUG c.i.l.m.c.o.PembayaranController - pBankTujuan : B00003  
2018-06-05 10:12:25,661 DEBUG c.i.l.m.c.o.PembayaranController - pBankPembayar : B00059  
2018-06-05 10:12:25,661 DEBUG c.i.l.m.c.o.PembayaranController - pUnitPenerima : A00001  
2018-06-05 10:12:25,661 DEBUG c.i.l.m.c.o.PembayaranController - pNoTagihan :   
2018-06-05 10:12:25,661 DEBUG c.i.l.m.c.o.PembayaranController - pTglTagihan :   
2018-06-05 10:12:25,661 DEBUG c.i.l.m.c.o.PembayaranController - pNoNotdin :   
2018-06-05 10:12:25,661 DEBUG c.i.l.m.c.o.PembayaranController - pTglNotdin :   
2018-06-05 10:12:25,662 DEBUG c.i.l.m.c.o.PembayaranController - pNoTagihan :   
2018-06-05 10:12:25,662 DEBUG c.i.l.m.c.o.PembayaranController - pStatusValas :   
2018-06-05 10:12:25,662 DEBUG c.i.l.m.c.o.PembayaranController - pKeterangan :   
2018-06-05 10:12:25,662 DEBUG c.i.l.m.c.o.PembayaranController - pTipeTransaksi : 1  
2018-06-05 10:12:25,662 DEBUG c.i.l.m.c.o.PembayaranController - pTglTerimaInvoice : 04/06/2018  
2018-06-05 10:12:36,327 DEBUG c.i.l.m.c.o.PembayaranController - idValas : REKAP/20180605-000000013  
2018-06-05 10:13:54,268 DEBUG c.i.l.m.c.o.PembayaranController - idValas : REKAP/20180605-000000013  
2018-06-05 10:14:04,934 DEBUG c.i.l.m.config.SecurityConfig$1 - User 'mspengusahaan' not found 
2018-06-05 10:14:56,114 DEBUG c.i.l.m.c.o.PembayaranController - idValas : REKAP/20180605-000000013  
2018-06-05 10:15:30,495 DEBUG c.i.l.m.c.o.PembayaranController - idValas : REKAP/20180605-000000013  
2018-06-05 10:23:22,319 DEBUG c.i.l.m.config.SecurityConfig$1 - User 'dmpem' not found 
